<?xml version="1.0" encoding="UTF-8"?>
<testsuite xmlns:xsi="http://www.w3.org/2001/XMLSchema-instance" xsi:noNamespaceSchemaLocation="https://maven.apache.org/surefire/maven-surefire-plugin/xsd/surefire-test-report.xsd" name="com.hpe.StudentcoursemanagementsystemApplicationTests" time="1.475" tests="1" errors="1" skipped="0" failures="0">
  <properties>
    <property name="sun.desktop" value="windows"/>
    <property name="awt.toolkit" value="sun.awt.windows.WToolkit"/>
    <property name="file.encoding.pkg" value="sun.io"/>
    <property name="java.specification.version" value="1.8"/>
    <property name="sun.cpu.isalist" value="amd64"/>
    <property name="sun.jnu.encoding" value="Cp1252"/>
    <property name="java.class.path" value="C:\Users\jacobj\eclipse-workspace\studentcoursemanagementsystem\target\test-classes;C:\Users\jacobj\eclipse-workspace\studentcoursemanagementsystem\target\classes;c:\cas\repository2\org\springframework\boot\spring-boot-starter-data-jpa\2.7.10\spring-boot-starter-data-jpa-2.7.10.jar;c:\cas\repository2\org\springframework\boot\spring-boot-starter-aop\2.7.10\spring-boot-starter-aop-2.7.10.jar;c:\cas\repository2\org\springframework\spring-aop\5.3.26\spring-aop-5.3.26.jar;c:\cas\repository2\org\aspectj\aspectjweaver\1.9.7\aspectjweaver-1.9.7.jar;c:\cas\repository2\org\springframework\boot\spring-boot-starter-jdbc\2.7.10\spring-boot-starter-jdbc-2.7.10.jar;c:\cas\repository2\com\zaxxer\HikariCP\4.0.3\HikariCP-4.0.3.jar;c:\cas\repository2\org\springframework\spring-jdbc\5.3.26\spring-jdbc-5.3.26.jar;c:\cas\repository2\jakarta\transaction\jakarta.transaction-api\1.3.3\jakarta.transaction-api-1.3.3.jar;c:\cas\repository2\jakarta\persistence\jakarta.persistence-api\2.2.3\jakarta.persistence-api-2.2.3.jar;c:\cas\repository2\org\hibernate\hibernate-core\5.6.15.Final\hibernate-core-5.6.15.Final.jar;c:\cas\repository2\org\jboss\logging\jboss-logging\3.4.3.Final\jboss-logging-3.4.3.Final.jar;c:\cas\repository2\net\bytebuddy\byte-buddy\1.12.23\byte-buddy-1.12.23.jar;c:\cas\repository2\antlr\antlr\2.7.7\antlr-2.7.7.jar;c:\cas\repository2\org\jboss\jandex\2.4.2.Final\jandex-2.4.2.Final.jar;c:\cas\repository2\com\fasterxml\classmate\1.5.1\classmate-1.5.1.jar;c:\cas\repository2\org\hibernate\common\hibernate-commons-annotations\5.1.2.Final\hibernate-commons-annotations-5.1.2.Final.jar;c:\cas\repository2\org\glassfish\jaxb\jaxb-runtime\2.3.8\jaxb-runtime-2.3.8.jar;c:\cas\repository2\org\glassfish\jaxb\txw2\2.3.8\txw2-2.3.8.jar;c:\cas\repository2\com\sun\istack\istack-commons-runtime\3.0.12\istack-commons-runtime-3.0.12.jar;c:\cas\repository2\com\sun\activation\jakarta.activation\1.2.2\jakarta.activation-1.2.2.jar;c:\cas\repository2\org\springframework\data\spring-data-jpa\2.7.10\spring-data-jpa-2.7.10.jar;c:\cas\repository2\org\springframework\data\spring-data-commons\2.7.10\spring-data-commons-2.7.10.jar;c:\cas\repository2\org\springframework\spring-orm\5.3.26\spring-orm-5.3.26.jar;c:\cas\repository2\org\springframework\spring-context\5.3.26\spring-context-5.3.26.jar;c:\cas\repository2\org\springframework\spring-tx\5.3.26\spring-tx-5.3.26.jar;c:\cas\repository2\org\springframework\spring-beans\5.3.26\spring-beans-5.3.26.jar;c:\cas\repository2\org\slf4j\slf4j-api\1.7.36\slf4j-api-1.7.36.jar;c:\cas\repository2\org\springframework\spring-aspects\5.3.26\spring-aspects-5.3.26.jar;c:\cas\repository2\org\springframework\boot\spring-boot-starter-thymeleaf\2.7.10\spring-boot-starter-thymeleaf-2.7.10.jar;c:\cas\repository2\org\springframework\boot\spring-boot-starter\2.7.10\spring-boot-starter-2.7.10.jar;c:\cas\repository2\org\springframework\boot\spring-boot-starter-logging\2.7.10\spring-boot-starter-logging-2.7.10.jar;c:\cas\repository2\ch\qos\logback\logback-classic\1.2.11\logback-classic-1.2.11.jar;c:\cas\repository2\ch\qos\logback\logback-core\1.2.11\logback-core-1.2.11.jar;c:\cas\repository2\org\apache\logging\log4j\log4j-to-slf4j\2.17.2\log4j-to-slf4j-2.17.2.jar;c:\cas\repository2\org\apache\logging\log4j\log4j-api\2.17.2\log4j-api-2.17.2.jar;c:\cas\repository2\org\slf4j\jul-to-slf4j\1.7.36\jul-to-slf4j-1.7.36.jar;c:\cas\repository2\jakarta\annotation\jakarta.annotation-api\1.3.5\jakarta.annotation-api-1.3.5.jar;c:\cas\repository2\org\yaml\snakeyaml\1.30\snakeyaml-1.30.jar;c:\cas\repository2\org\thymeleaf\thymeleaf-spring5\3.0.15.RELEASE\thymeleaf-spring5-3.0.15.RELEASE.jar;c:\cas\repository2\org\thymeleaf\thymeleaf\3.0.15.RELEASE\thymeleaf-3.0.15.RELEASE.jar;c:\cas\repository2\org\attoparser\attoparser\2.0.5.RELEASE\attoparser-2.0.5.RELEASE.jar;c:\cas\repository2\org\unbescape\unbescape\1.1.6.RELEASE\unbescape-1.1.6.RELEASE.jar;c:\cas\repository2\org\thymeleaf\extras\thymeleaf-extras-java8time\3.0.4.RELEASE\thymeleaf-extras-java8time-3.0.4.RELEASE.jar;c:\cas\repository2\org\springframework\boot\spring-boot-starter-web\2.7.10\spring-boot-starter-web-2.7.10.jar;c:\cas\repository2\org\springframework\boot\spring-boot-starter-json\2.7.10\spring-boot-starter-json-2.7.10.jar;c:\cas\repository2\com\fasterxml\jackson\core\jackson-databind\2.13.5\jackson-databind-2.13.5.jar;c:\cas\repository2\com\fasterxml\jackson\core\jackson-annotations\2.13.5\jackson-annotations-2.13.5.jar;c:\cas\repository2\com\fasterxml\jackson\core\jackson-core\2.13.5\jackson-core-2.13.5.jar;c:\cas\repository2\com\fasterxml\jackson\datatype\jackson-datatype-jdk8\2.13.5\jackson-datatype-jdk8-2.13.5.jar;c:\cas\repository2\com\fasterxml\jackson\datatype\jackson-datatype-jsr310\2.13.5\jackson-datatype-jsr310-2.13.5.jar;c:\cas\repository2\com\fasterxml\jackson\module\jackson-module-parameter-names\2.13.5\jackson-module-parameter-names-2.13.5.jar;c:\cas\repository2\org\springframework\boot\spring-boot-starter-tomcat\2.7.10\spring-boot-starter-tomcat-2.7.10.jar;c:\cas\repository2\org\apache\tomcat\embed\tomcat-embed-core\9.0.73\tomcat-embed-core-9.0.73.jar;c:\cas\repository2\org\apache\tomcat\embed\tomcat-embed-el\9.0.73\tomcat-embed-el-9.0.73.jar;c:\cas\repository2\org\apache\tomcat\embed\tomcat-embed-websocket\9.0.73\tomcat-embed-websocket-9.0.73.jar;c:\cas\repository2\org\springframework\spring-web\5.3.26\spring-web-5.3.26.jar;c:\cas\repository2\org\springframework\spring-webmvc\5.3.26\spring-webmvc-5.3.26.jar;c:\cas\repository2\org\springframework\spring-expression\5.3.26\spring-expression-5.3.26.jar;c:\cas\repository2\org\springframework\boot\spring-boot-devtools\2.7.10\spring-boot-devtools-2.7.10.jar;c:\cas\repository2\org\springframework\boot\spring-boot\2.7.10\spring-boot-2.7.10.jar;c:\cas\repository2\org\springframework\boot\spring-boot-autoconfigure\2.7.10\spring-boot-autoconfigure-2.7.10.jar;c:\cas\repository2\com\mysql\mysql-connector-j\8.0.32\mysql-connector-j-8.0.32.jar;c:\cas\repository2\org\springframework\boot\spring-boot-starter-test\2.7.10\spring-boot-starter-test-2.7.10.jar;c:\cas\repository2\org\springframework\boot\spring-boot-test\2.7.10\spring-boot-test-2.7.10.jar;c:\cas\repository2\org\springframework\boot\spring-boot-test-autoconfigure\2.7.10\spring-boot-test-autoconfigure-2.7.10.jar;c:\cas\repository2\com\jayway\jsonpath\json-path\2.7.0\json-path-2.7.0.jar;c:\cas\repository2\net\minidev\json-smart\2.4.10\json-smart-2.4.10.jar;c:\cas\repository2\net\minidev\accessors-smart\2.4.9\accessors-smart-2.4.9.jar;c:\cas\repository2\org\ow2\asm\asm\9.3\asm-9.3.jar;c:\cas\repository2\jakarta\xml\bind\jakarta.xml.bind-api\2.3.3\jakarta.xml.bind-api-2.3.3.jar;c:\cas\repository2\jakarta\activation\jakarta.activation-api\1.2.2\jakarta.activation-api-1.2.2.jar;c:\cas\repository2\org\assertj\assertj-core\3.22.0\assertj-core-3.22.0.jar;c:\cas\repository2\org\hamcrest\hamcrest\2.2\hamcrest-2.2.jar;c:\cas\repository2\org\junit\jupiter\junit-jupiter\5.8.2\junit-jupiter-5.8.2.jar;c:\cas\repository2\org\junit\jupiter\junit-jupiter-api\5.8.2\junit-jupiter-api-5.8.2.jar;c:\cas\repository2\org\opentest4j\opentest4j\1.2.0\opentest4j-1.2.0.jar;c:\cas\repository2\org\junit\platform\junit-platform-commons\1.8.2\junit-platform-commons-1.8.2.jar;c:\cas\repository2\org\apiguardian\apiguardian-api\1.1.2\apiguardian-api-1.1.2.jar;c:\cas\repository2\org\junit\jupiter\junit-jupiter-params\5.8.2\junit-jupiter-params-5.8.2.jar;c:\cas\repository2\org\junit\jupiter\junit-jupiter-engine\5.8.2\junit-jupiter-engine-5.8.2.jar;c:\cas\repository2\org\junit\platform\junit-platform-engine\1.8.2\junit-platform-engine-1.8.2.jar;c:\cas\repository2\org\mockito\mockito-core\4.5.1\mockito-core-4.5.1.jar;c:\cas\repository2\net\bytebuddy\byte-buddy-agent\1.12.23\byte-buddy-agent-1.12.23.jar;c:\cas\repository2\org\objenesis\objenesis\3.2\objenesis-3.2.jar;c:\cas\repository2\org\mockito\mockito-junit-jupiter\4.5.1\mockito-junit-jupiter-4.5.1.jar;c:\cas\repository2\org\skyscreamer\jsonassert\1.5.1\jsonassert-1.5.1.jar;c:\cas\repository2\com\vaadin\external\google\android-json\0.0.20131108.vaadin1\android-json-0.0.20131108.vaadin1.jar;c:\cas\repository2\org\springframework\spring-core\5.3.26\spring-core-5.3.26.jar;c:\cas\repository2\org\springframework\spring-jcl\5.3.26\spring-jcl-5.3.26.jar;c:\cas\repository2\org\springframework\spring-test\5.3.26\spring-test-5.3.26.jar;c:\cas\repository2\org\xmlunit\xmlunit-core\2.9.1\xmlunit-core-2.9.1.jar;"/>
    <property name="java.vm.vendor" value="Oracle Corporation"/>
    <property name="sun.arch.data.model" value="64"/>
    <property name="user.variant" value=""/>
    <property name="java.vendor.url" value="http://java.oracle.com/"/>
    <property name="user.timezone" value="Asia/Calcutta"/>
    <property name="java.vm.specification.version" value="1.8"/>
    <property name="os.name" value="Windows 10"/>
    <property name="user.country" value="US"/>
    <property name="sun.java.launcher" value="SUN_STANDARD"/>
    <property name="sun.boot.library.path" value="C:\Program Files\Java\jdk1.8.0_202\jre\bin"/>
    <property name="sun.java.command" value="C:\Users\jacobj\AppData\Local\Temp\surefire5998011538306657273\surefirebooter4461341528691165038.jar C:\Users\jacobj\AppData\Local\Temp\surefire5998011538306657273 2023-04-13T13-01-39_098-jvmRun1 surefire3542086979335554331tmp surefire_0575207109964471585tmp"/>
    <property name="surefire.test.class.path" value="C:\Users\jacobj\eclipse-workspace\studentcoursemanagementsystem\target\test-classes;C:\Users\jacobj\eclipse-workspace\studentcoursemanagementsystem\target\classes;c:\cas\repository2\org\springframework\boot\spring-boot-starter-data-jpa\2.7.10\spring-boot-starter-data-jpa-2.7.10.jar;c:\cas\repository2\org\springframework\boot\spring-boot-starter-aop\2.7.10\spring-boot-starter-aop-2.7.10.jar;c:\cas\repository2\org\springframework\spring-aop\5.3.26\spring-aop-5.3.26.jar;c:\cas\repository2\org\aspectj\aspectjweaver\1.9.7\aspectjweaver-1.9.7.jar;c:\cas\repository2\org\springframework\boot\spring-boot-starter-jdbc\2.7.10\spring-boot-starter-jdbc-2.7.10.jar;c:\cas\repository2\com\zaxxer\HikariCP\4.0.3\HikariCP-4.0.3.jar;c:\cas\repository2\org\springframework\spring-jdbc\5.3.26\spring-jdbc-5.3.26.jar;c:\cas\repository2\jakarta\transaction\jakarta.transaction-api\1.3.3\jakarta.transaction-api-1.3.3.jar;c:\cas\repository2\jakarta\persistence\jakarta.persistence-api\2.2.3\jakarta.persistence-api-2.2.3.jar;c:\cas\repository2\org\hibernate\hibernate-core\5.6.15.Final\hibernate-core-5.6.15.Final.jar;c:\cas\repository2\org\jboss\logging\jboss-logging\3.4.3.Final\jboss-logging-3.4.3.Final.jar;c:\cas\repository2\net\bytebuddy\byte-buddy\1.12.23\byte-buddy-1.12.23.jar;c:\cas\repository2\antlr\antlr\2.7.7\antlr-2.7.7.jar;c:\cas\repository2\org\jboss\jandex\2.4.2.Final\jandex-2.4.2.Final.jar;c:\cas\repository2\com\fasterxml\classmate\1.5.1\classmate-1.5.1.jar;c:\cas\repository2\org\hibernate\common\hibernate-commons-annotations\5.1.2.Final\hibernate-commons-annotations-5.1.2.Final.jar;c:\cas\repository2\org\glassfish\jaxb\jaxb-runtime\2.3.8\jaxb-runtime-2.3.8.jar;c:\cas\repository2\org\glassfish\jaxb\txw2\2.3.8\txw2-2.3.8.jar;c:\cas\repository2\com\sun\istack\istack-commons-runtime\3.0.12\istack-commons-runtime-3.0.12.jar;c:\cas\repository2\com\sun\activation\jakarta.activation\1.2.2\jakarta.activation-1.2.2.jar;c:\cas\repository2\org\springframework\data\spring-data-jpa\2.7.10\spring-data-jpa-2.7.10.jar;c:\cas\repository2\org\springframework\data\spring-data-commons\2.7.10\spring-data-commons-2.7.10.jar;c:\cas\repository2\org\springframework\spring-orm\5.3.26\spring-orm-5.3.26.jar;c:\cas\repository2\org\springframework\spring-context\5.3.26\spring-context-5.3.26.jar;c:\cas\repository2\org\springframework\spring-tx\5.3.26\spring-tx-5.3.26.jar;c:\cas\repository2\org\springframework\spring-beans\5.3.26\spring-beans-5.3.26.jar;c:\cas\repository2\org\slf4j\slf4j-api\1.7.36\slf4j-api-1.7.36.jar;c:\cas\repository2\org\springframework\spring-aspects\5.3.26\spring-aspects-5.3.26.jar;c:\cas\repository2\org\springframework\boot\spring-boot-starter-thymeleaf\2.7.10\spring-boot-starter-thymeleaf-2.7.10.jar;c:\cas\repository2\org\springframework\boot\spring-boot-starter\2.7.10\spring-boot-starter-2.7.10.jar;c:\cas\repository2\org\springframework\boot\spring-boot-starter-logging\2.7.10\spring-boot-starter-logging-2.7.10.jar;c:\cas\repository2\ch\qos\logback\logback-classic\1.2.11\logback-classic-1.2.11.jar;c:\cas\repository2\ch\qos\logback\logback-core\1.2.11\logback-core-1.2.11.jar;c:\cas\repository2\org\apache\logging\log4j\log4j-to-slf4j\2.17.2\log4j-to-slf4j-2.17.2.jar;c:\cas\repository2\org\apache\logging\log4j\log4j-api\2.17.2\log4j-api-2.17.2.jar;c:\cas\repository2\org\slf4j\jul-to-slf4j\1.7.36\jul-to-slf4j-1.7.36.jar;c:\cas\repository2\jakarta\annotation\jakarta.annotation-api\1.3.5\jakarta.annotation-api-1.3.5.jar;c:\cas\repository2\org\yaml\snakeyaml\1.30\snakeyaml-1.30.jar;c:\cas\repository2\org\thymeleaf\thymeleaf-spring5\3.0.15.RELEASE\thymeleaf-spring5-3.0.15.RELEASE.jar;c:\cas\repository2\org\thymeleaf\thymeleaf\3.0.15.RELEASE\thymeleaf-3.0.15.RELEASE.jar;c:\cas\repository2\org\attoparser\attoparser\2.0.5.RELEASE\attoparser-2.0.5.RELEASE.jar;c:\cas\repository2\org\unbescape\unbescape\1.1.6.RELEASE\unbescape-1.1.6.RELEASE.jar;c:\cas\repository2\org\thymeleaf\extras\thymeleaf-extras-java8time\3.0.4.RELEASE\thymeleaf-extras-java8time-3.0.4.RELEASE.jar;c:\cas\repository2\org\springframework\boot\spring-boot-starter-web\2.7.10\spring-boot-starter-web-2.7.10.jar;c:\cas\repository2\org\springframework\boot\spring-boot-starter-json\2.7.10\spring-boot-starter-json-2.7.10.jar;c:\cas\repository2\com\fasterxml\jackson\core\jackson-databind\2.13.5\jackson-databind-2.13.5.jar;c:\cas\repository2\com\fasterxml\jackson\core\jackson-annotations\2.13.5\jackson-annotations-2.13.5.jar;c:\cas\repository2\com\fasterxml\jackson\core\jackson-core\2.13.5\jackson-core-2.13.5.jar;c:\cas\repository2\com\fasterxml\jackson\datatype\jackson-datatype-jdk8\2.13.5\jackson-datatype-jdk8-2.13.5.jar;c:\cas\repository2\com\fasterxml\jackson\datatype\jackson-datatype-jsr310\2.13.5\jackson-datatype-jsr310-2.13.5.jar;c:\cas\repository2\com\fasterxml\jackson\module\jackson-module-parameter-names\2.13.5\jackson-module-parameter-names-2.13.5.jar;c:\cas\repository2\org\springframework\boot\spring-boot-starter-tomcat\2.7.10\spring-boot-starter-tomcat-2.7.10.jar;c:\cas\repository2\org\apache\tomcat\embed\tomcat-embed-core\9.0.73\tomcat-embed-core-9.0.73.jar;c:\cas\repository2\org\apache\tomcat\embed\tomcat-embed-el\9.0.73\tomcat-embed-el-9.0.73.jar;c:\cas\repository2\org\apache\tomcat\embed\tomcat-embed-websocket\9.0.73\tomcat-embed-websocket-9.0.73.jar;c:\cas\repository2\org\springframework\spring-web\5.3.26\spring-web-5.3.26.jar;c:\cas\repository2\org\springframework\spring-webmvc\5.3.26\spring-webmvc-5.3.26.jar;c:\cas\repository2\org\springframework\spring-expression\5.3.26\spring-expression-5.3.26.jar;c:\cas\repository2\org\springframework\boot\spring-boot-devtools\2.7.10\spring-boot-devtools-2.7.10.jar;c:\cas\repository2\org\springframework\boot\spring-boot\2.7.10\spring-boot-2.7.10.jar;c:\cas\repository2\org\springframework\boot\spring-boot-autoconfigure\2.7.10\spring-boot-autoconfigure-2.7.10.jar;c:\cas\repository2\com\mysql\mysql-connector-j\8.0.32\mysql-connector-j-8.0.32.jar;c:\cas\repository2\org\springframework\boot\spring-boot-starter-test\2.7.10\spring-boot-starter-test-2.7.10.jar;c:\cas\repository2\org\springframework\boot\spring-boot-test\2.7.10\spring-boot-test-2.7.10.jar;c:\cas\repository2\org\springframework\boot\spring-boot-test-autoconfigure\2.7.10\spring-boot-test-autoconfigure-2.7.10.jar;c:\cas\repository2\com\jayway\jsonpath\json-path\2.7.0\json-path-2.7.0.jar;c:\cas\repository2\net\minidev\json-smart\2.4.10\json-smart-2.4.10.jar;c:\cas\repository2\net\minidev\accessors-smart\2.4.9\accessors-smart-2.4.9.jar;c:\cas\repository2\org\ow2\asm\asm\9.3\asm-9.3.jar;c:\cas\repository2\jakarta\xml\bind\jakarta.xml.bind-api\2.3.3\jakarta.xml.bind-api-2.3.3.jar;c:\cas\repository2\jakarta\activation\jakarta.activation-api\1.2.2\jakarta.activation-api-1.2.2.jar;c:\cas\repository2\org\assertj\assertj-core\3.22.0\assertj-core-3.22.0.jar;c:\cas\repository2\org\hamcrest\hamcrest\2.2\hamcrest-2.2.jar;c:\cas\repository2\org\junit\jupiter\junit-jupiter\5.8.2\junit-jupiter-5.8.2.jar;c:\cas\repository2\org\junit\jupiter\junit-jupiter-api\5.8.2\junit-jupiter-api-5.8.2.jar;c:\cas\repository2\org\opentest4j\opentest4j\1.2.0\opentest4j-1.2.0.jar;c:\cas\repository2\org\junit\platform\junit-platform-commons\1.8.2\junit-platform-commons-1.8.2.jar;c:\cas\repository2\org\apiguardian\apiguardian-api\1.1.2\apiguardian-api-1.1.2.jar;c:\cas\repository2\org\junit\jupiter\junit-jupiter-params\5.8.2\junit-jupiter-params-5.8.2.jar;c:\cas\repository2\org\junit\jupiter\junit-jupiter-engine\5.8.2\junit-jupiter-engine-5.8.2.jar;c:\cas\repository2\org\junit\platform\junit-platform-engine\1.8.2\junit-platform-engine-1.8.2.jar;c:\cas\repository2\org\mockito\mockito-core\4.5.1\mockito-core-4.5.1.jar;c:\cas\repository2\net\bytebuddy\byte-buddy-agent\1.12.23\byte-buddy-agent-1.12.23.jar;c:\cas\repository2\org\objenesis\objenesis\3.2\objenesis-3.2.jar;c:\cas\repository2\org\mockito\mockito-junit-jupiter\4.5.1\mockito-junit-jupiter-4.5.1.jar;c:\cas\repository2\org\skyscreamer\jsonassert\1.5.1\jsonassert-1.5.1.jar;c:\cas\repository2\com\vaadin\external\google\android-json\0.0.20131108.vaadin1\android-json-0.0.20131108.vaadin1.jar;c:\cas\repository2\org\springframework\spring-core\5.3.26\spring-core-5.3.26.jar;c:\cas\repository2\org\springframework\spring-jcl\5.3.26\spring-jcl-5.3.26.jar;c:\cas\repository2\org\springframework\spring-test\5.3.26\spring-test-5.3.26.jar;c:\cas\repository2\org\xmlunit\xmlunit-core\2.9.1\xmlunit-core-2.9.1.jar;"/>
    <property name="sun.cpu.endian" value="little"/>
    <property name="user.home" value="C:\Users\jacobj"/>
    <property name="user.language" value="en"/>
    <property name="java.specification.vendor" value="Oracle Corporation"/>
    <property name="java.home" value="C:\Program Files\Java\jdk1.8.0_202\jre"/>
    <property name="basedir" value="C:\Users\jacobj\eclipse-workspace\studentcoursemanagementsystem"/>
    <property name="style.color" value="always"/>
    <property name="file.separator" value="\"/>
    <property name="line.separator" value="&#10;"/>
    <property name="java.vm.specification.vendor" value="Oracle Corporation"/>
    <property name="java.specification.name" value="Java Platform API Specification"/>
    <property name="java.awt.graphicsenv" value="sun.awt.Win32GraphicsEnvironment"/>
    <property name="surefire.real.class.path" value="C:\Users\jacobj\AppData\Local\Temp\surefire5998011538306657273\surefirebooter4461341528691165038.jar"/>
    <property name="sun.boot.class.path" value="C:\Program Files\Java\jdk1.8.0_202\jre\lib\resources.jar;C:\Program Files\Java\jdk1.8.0_202\jre\lib\rt.jar;C:\Program Files\Java\jdk1.8.0_202\jre\lib\sunrsasign.jar;C:\Program Files\Java\jdk1.8.0_202\jre\lib\jsse.jar;C:\Program Files\Java\jdk1.8.0_202\jre\lib\jce.jar;C:\Program Files\Java\jdk1.8.0_202\jre\lib\charsets.jar;C:\Program Files\Java\jdk1.8.0_202\jre\lib\jfr.jar;C:\Program Files\Java\jdk1.8.0_202\jre\classes"/>
    <property name="user.script" value=""/>
    <property name="sun.management.compiler" value="HotSpot 64-Bit Tiered Compilers"/>
    <property name="java.runtime.version" value="1.8.0_202-b08"/>
    <property name="user.name" value="jacobj"/>
    <property name="path.separator" value=";"/>
    <property name="os.version" value="10.0"/>
    <property name="java.endorsed.dirs" value="C:\Program Files\Java\jdk1.8.0_202\jre\lib\endorsed"/>
    <property name="java.runtime.name" value="Java(TM) SE Runtime Environment"/>
    <property name="file.encoding" value="Cp1252"/>
    <property name="java.vm.name" value="Java HotSpot(TM) 64-Bit Server VM"/>
    <property name="localRepository" value="c:\cas\repository2"/>
    <property name="java.vendor.url.bug" value="http://bugreport.sun.com/bugreport/"/>
    <property name="java.io.tmpdir" value="C:\Users\jacobj\AppData\Local\Temp\"/>
    <property name="java.version" value="1.8.0_202"/>
    <property name="user.dir" value="C:\Users\jacobj\eclipse-workspace\studentcoursemanagementsystem"/>
    <property name="os.arch" value="amd64"/>
    <property name="java.vm.specification.name" value="Java Virtual Machine Specification"/>
    <property name="java.awt.printerjob" value="sun.awt.windows.WPrinterJob"/>
    <property name="sun.os.patch.level" value=""/>
    <property name="java.library.path" value="C:\Program Files\Java\jdk1.8.0_202\jre\bin;C:\windows\Sun\Java\bin;C:\windows\system32;C:\windows;C:/Program Files/Java/jdk-17/bin/server;C:/Program Files/Java/jdk-17/bin;C:\Program Files (x86)\Common Files\Oracle\Java\javapath;C:\Program Files\Common Files\Oracle\Java\javapath;C:\windows\system32;C:\windows;C:\windows\System32\Wbem;C:\windows\System32\WindowsPowerShell\v1.0\;C:\windows\System32\OpenSSH\;C:\Program Files\Java\jdk-17\bin;C:\Program Files\apache-maven-3.9.0-bin\apache-maven-3.9.0\bin;C:\Program Files\Docker\Docker\resources\bin;C:\Program Files\Git\cmd;C:\Program Files (x86)\Pulse Secure\VC142.CRT\X64\;C:\Program Files (x86)\Pulse Secure\VC142.CRT\X86\;C:\Program Files (x86)\Common Files\Pulse Secure\TNC Client Plugin\;C:\Users\jacobj\AppData\Local\Microsoft\WindowsApps;;C:\windows\System32;;."/>
    <property name="java.vm.info" value="mixed mode"/>
    <property name="java.vendor" value="Oracle Corporation"/>
    <property name="java.vm.version" value="25.202-b08"/>
    <property name="java.ext.dirs" value="C:\Program Files\Java\jdk1.8.0_202\jre\lib\ext;C:\windows\Sun\Java\lib\ext"/>
    <property name="sun.io.unicode.encoding" value="UnicodeLittle"/>
    <property name="java.class.version" value="52.0"/>
  </properties>
  <testcase name="contextLoads" classname="com.hpe.StudentcoursemanagementsystemApplicationTests" time="0.013">
    <error message="Failed to load ApplicationContext" type="java.lang.IllegalStateException">java.lang.IllegalStateException: Failed to load ApplicationContext
Caused by: org.springframework.beans.factory.UnsatisfiedDependencyException: Error creating bean with name 'studentController' defined in file [C:\Users\jacobj\eclipse-workspace\studentcoursemanagementsystem\target\classes\com\hpe\studentcoursemanagementsystem\controller\StudentController.class]: Unsatisfied dependency expressed through constructor parameter 0; nested exception is org.springframework.beans.factory.UnsatisfiedDependencyException: Error creating bean with name 'studentServiceImpl' defined in file [C:\Users\jacobj\eclipse-workspace\studentcoursemanagementsystem\target\classes\com\hpe\studentcoursemanagementsystem\service\impl\StudentServiceImpl.class]: Unsatisfied dependency expressed through constructor parameter 0; nested exception is org.springframework.beans.factory.NoSuchBeanDefinitionException: No qualifying bean of type 'com.hpe.studentcoursemanagementsystem.repository.StudentRepository' available: expected at least 1 bean which qualifies as autowire candidate. Dependency annotations: {}
Caused by: org.springframework.beans.factory.UnsatisfiedDependencyException: Error creating bean with name 'studentServiceImpl' defined in file [C:\Users\jacobj\eclipse-workspace\studentcoursemanagementsystem\target\classes\com\hpe\studentcoursemanagementsystem\service\impl\StudentServiceImpl.class]: Unsatisfied dependency expressed through constructor parameter 0; nested exception is org.springframework.beans.factory.NoSuchBeanDefinitionException: No qualifying bean of type 'com.hpe.studentcoursemanagementsystem.repository.StudentRepository' available: expected at least 1 bean which qualifies as autowire candidate. Dependency annotations: {}
Caused by: org.springframework.beans.factory.NoSuchBeanDefinitionException: No qualifying bean of type 'com.hpe.studentcoursemanagementsystem.repository.StudentRepository' available: expected at least 1 bean which qualifies as autowire candidate. Dependency annotations: {}
</error>
    <system-out><![CDATA[13:01:40.276 [main] DEBUG org.springframework.test.context.BootstrapUtils - Instantiating CacheAwareContextLoaderDelegate from class [org.springframework.test.context.cache.DefaultCacheAwareContextLoaderDelegate]
13:01:40.286 [main] DEBUG org.springframework.test.context.BootstrapUtils - Instantiating BootstrapContext using constructor [public org.springframework.test.context.support.DefaultBootstrapContext(java.lang.Class,org.springframework.test.context.CacheAwareContextLoaderDelegate)]
13:01:40.325 [main] DEBUG org.springframework.test.context.BootstrapUtils - Instantiating TestContextBootstrapper for test class [com.hpe.StudentcoursemanagementsystemApplicationTests] from class [org.springframework.boot.test.context.SpringBootTestContextBootstrapper]
13:01:40.339 [main] INFO org.springframework.boot.test.context.SpringBootTestContextBootstrapper - Neither @ContextConfiguration nor @ContextHierarchy found for test class [com.hpe.StudentcoursemanagementsystemApplicationTests], using SpringBootContextLoader
13:01:40.345 [main] DEBUG org.springframework.test.context.support.AbstractContextLoader - Did not detect default resource location for test class [com.hpe.StudentcoursemanagementsystemApplicationTests]: class path resource [com/hpe/StudentcoursemanagementsystemApplicationTests-context.xml] does not exist
13:01:40.345 [main] DEBUG org.springframework.test.context.support.AbstractContextLoader - Did not detect default resource location for test class [com.hpe.StudentcoursemanagementsystemApplicationTests]: class path resource [com/hpe/StudentcoursemanagementsystemApplicationTestsContext.groovy] does not exist
13:01:40.345 [main] INFO org.springframework.test.context.support.AbstractContextLoader - Could not detect default resource locations for test class [com.hpe.StudentcoursemanagementsystemApplicationTests]: no resource found for suffixes {-context.xml, Context.groovy}.
13:01:40.346 [main] INFO org.springframework.test.context.support.AnnotationConfigContextLoaderUtils - Could not detect default configuration classes for test class [com.hpe.StudentcoursemanagementsystemApplicationTests]: StudentcoursemanagementsystemApplicationTests does not declare any static, non-private, non-final, nested classes annotated with @Configuration.
13:01:40.389 [main] DEBUG org.springframework.test.context.support.ActiveProfilesUtils - Could not find an 'annotation declaring class' for annotation type [org.springframework.test.context.ActiveProfiles] and class [com.hpe.StudentcoursemanagementsystemApplicationTests]
13:01:40.449 [main] DEBUG org.springframework.context.annotation.ClassPathScanningCandidateComponentProvider - Identified candidate component class: file [C:\Users\jacobj\eclipse-workspace\studentcoursemanagementsystem\target\classes\com\hpe\StudentcoursemanagementsystemApplication.class]
13:01:40.451 [main] INFO org.springframework.boot.test.context.SpringBootTestContextBootstrapper - Found @SpringBootConfiguration com.hpe.StudentcoursemanagementsystemApplication for test class com.hpe.StudentcoursemanagementsystemApplicationTests
13:01:40.537 [main] DEBUG org.springframework.boot.test.context.SpringBootTestContextBootstrapper - @TestExecutionListeners is not present for class [com.hpe.StudentcoursemanagementsystemApplicationTests]: using defaults.
13:01:40.538 [main] INFO org.springframework.boot.test.context.SpringBootTestContextBootstrapper - Loaded default TestExecutionListener class names from location [META-INF/spring.factories]: [org.springframework.boot.test.mock.mockito.MockitoTestExecutionListener, org.springframework.boot.test.mock.mockito.ResetMocksTestExecutionListener, org.springframework.boot.test.autoconfigure.restdocs.RestDocsTestExecutionListener, org.springframework.boot.test.autoconfigure.web.client.MockRestServiceServerResetTestExecutionListener, org.springframework.boot.test.autoconfigure.web.servlet.MockMvcPrintOnlyOnFailureTestExecutionListener, org.springframework.boot.test.autoconfigure.web.servlet.WebDriverTestExecutionListener, org.springframework.boot.test.autoconfigure.webservices.client.MockWebServiceServerTestExecutionListener, org.springframework.test.context.web.ServletTestExecutionListener, org.springframework.test.context.support.DirtiesContextBeforeModesTestExecutionListener, org.springframework.test.context.event.ApplicationEventsTestExecutionListener, org.springframework.test.context.support.DependencyInjectionTestExecutionListener, org.springframework.test.context.support.DirtiesContextTestExecutionListener, org.springframework.test.context.transaction.TransactionalTestExecutionListener, org.springframework.test.context.jdbc.SqlScriptsTestExecutionListener, org.springframework.test.context.event.EventPublishingTestExecutionListener]
13:01:40.554 [main] INFO org.springframework.boot.test.context.SpringBootTestContextBootstrapper - Using TestExecutionListeners: [org.springframework.test.context.web.ServletTestExecutionListener@6e9a5ed8, org.springframework.test.context.support.DirtiesContextBeforeModesTestExecutionListener@7e057f43, org.springframework.test.context.event.ApplicationEventsTestExecutionListener@6c284af, org.springframework.boot.test.mock.mockito.MockitoTestExecutionListener@5890e879, org.springframework.boot.test.autoconfigure.SpringBootDependencyInjectionTestExecutionListener@6440112d, org.springframework.test.context.support.DirtiesContextTestExecutionListener@31ea9581, org.springframework.test.context.transaction.TransactionalTestExecutionListener@231f98ef, org.springframework.test.context.jdbc.SqlScriptsTestExecutionListener@7c137fd5, org.springframework.test.context.event.EventPublishingTestExecutionListener@183ec003, org.springframework.boot.test.mock.mockito.ResetMocksTestExecutionListener@7d9d0818, org.springframework.boot.test.autoconfigure.restdocs.RestDocsTestExecutionListener@221a3fa4, org.springframework.boot.test.autoconfigure.web.client.MockRestServiceServerResetTestExecutionListener@451001e5, org.springframework.boot.test.autoconfigure.web.servlet.MockMvcPrintOnlyOnFailureTestExecutionListener@2b40ff9c, org.springframework.boot.test.autoconfigure.web.servlet.WebDriverTestExecutionListener@3e08ff24, org.springframework.boot.test.autoconfigure.webservices.client.MockWebServiceServerTestExecutionListener@4d1c005e]
13:01:40.557 [main] DEBUG org.springframework.test.context.support.AbstractDirtiesContextTestExecutionListener - Before test class: context [DefaultTestContext@359df09a testClass = StudentcoursemanagementsystemApplicationTests, testInstance = [null], testMethod = [null], testException = [null], mergedContextConfiguration = [WebMergedContextConfiguration@43df23d3 testClass = StudentcoursemanagementsystemApplicationTests, locations = '{}', classes = '{class com.hpe.StudentcoursemanagementsystemApplication}', contextInitializerClasses = '[]', activeProfiles = '{}', propertySourceLocations = '{}', propertySourceProperties = '{org.springframework.boot.test.context.SpringBootTestContextBootstrapper=true}', contextCustomizers = set[org.springframework.boot.test.context.filter.ExcludeFilterContextCustomizer@694abbdc, org.springframework.boot.test.json.DuplicateJsonObjectContextCustomizerFactory$DuplicateJsonObjectContextCustomizer@4f18837a, org.springframework.boot.test.mock.mockito.MockitoContextCustomizer@0, org.springframework.boot.test.web.client.TestRestTemplateContextCustomizer@245b4bdc, org.springframework.boot.test.autoconfigure.actuate.metrics.MetricsExportContextCustomizerFactory$DisableMetricExportContextCustomizer@595b007d, org.springframework.boot.test.autoconfigure.properties.PropertyMappingContextCustomizer@0, org.springframework.boot.test.autoconfigure.web.servlet.WebDriverContextCustomizerFactory$Customizer@1623b78d, org.springframework.boot.test.context.SpringBootTestArgs@1, org.springframework.boot.test.context.SpringBootTestWebEnvironment@cc285f4], resourceBasePath = 'src/main/webapp', contextLoader = 'org.springframework.boot.test.context.SpringBootContextLoader', parent = [null]], attributes = map['org.springframework.test.context.web.ServletTestExecutionListener.activateListener' -> true]], class annotated with @DirtiesContext [false] with mode [null].

  .   ____          _            __ _ _
 /\\ / ___'_ __ _ _(_)_ __  __ _ \ \ \ \
( ( )\___ | '_ | '_| | '_ \/ _` | \ \ \ \
 \\/  ___)| |_)| | | | | || (_| |  ) ) ) )
  '  |____| .__|_| |_|_| |_\__, | / / / /
 =========|_|==============|___/=/_/_/_/
 :: Spring Boot ::               (v2.7.10)

2023-04-13 13:01:40.829  INFO 1504 --- [           main] ntcoursemanagementsystemApplicationTests : Starting StudentcoursemanagementsystemApplicationTests using Java 1.8.0_202 on MEGPUMFDRJ with PID 1504 (started by jacobj in C:\Users\jacobj\eclipse-workspace\studentcoursemanagementsystem)
2023-04-13 13:01:40.831  INFO 1504 --- [           main] ntcoursemanagementsystemApplicationTests : No active profile set, falling back to 1 default profile: "default"
2023-04-13 13:01:41.623  WARN 1504 --- [           main] o.s.w.c.s.GenericWebApplicationContext   : Exception encountered during context initialization - cancelling refresh attempt: org.springframework.beans.factory.UnsatisfiedDependencyException: Error creating bean with name 'studentController' defined in file [C:\Users\jacobj\eclipse-workspace\studentcoursemanagementsystem\target\classes\com\hpe\studentcoursemanagementsystem\controller\StudentController.class]: Unsatisfied dependency expressed through constructor parameter 0; nested exception is org.springframework.beans.factory.UnsatisfiedDependencyException: Error creating bean with name 'studentServiceImpl' defined in file [C:\Users\jacobj\eclipse-workspace\studentcoursemanagementsystem\target\classes\com\hpe\studentcoursemanagementsystem\service\impl\StudentServiceImpl.class]: Unsatisfied dependency expressed through constructor parameter 0; nested exception is org.springframework.beans.factory.NoSuchBeanDefinitionException: No qualifying bean of type 'com.hpe.studentcoursemanagementsystem.repository.StudentRepository' available: expected at least 1 bean which qualifies as autowire candidate. Dependency annotations: {}
2023-04-13 13:01:41.633  INFO 1504 --- [           main] ConditionEvaluationReportLoggingListener : 

Error starting ApplicationContext. To display the conditions report re-run your application with 'debug' enabled.
2023-04-13 13:01:41.660 ERROR 1504 --- [           main] o.s.b.d.LoggingFailureAnalysisReporter   : 

***************************
APPLICATION FAILED TO START
***************************

Description:

Parameter 0 of constructor in com.hpe.studentcoursemanagementsystem.service.impl.StudentServiceImpl required a bean of type 'com.hpe.studentcoursemanagementsystem.repository.StudentRepository' that could not be found.


Action:

Consider defining a bean of type 'com.hpe.studentcoursemanagementsystem.repository.StudentRepository' in your configuration.

2023-04-13 13:01:41.678 ERROR 1504 --- [           main] o.s.test.context.TestContextManager      : Caught exception while allowing TestExecutionListener [org.springframework.test.context.web.ServletTestExecutionListener@6e9a5ed8] to prepare test instance [com.hpe.StudentcoursemanagementsystemApplicationTests@298d9a05]

java.lang.IllegalStateException: Failed to load ApplicationContext
	at org.springframework.test.context.cache.DefaultCacheAwareContextLoaderDelegate.loadContext(DefaultCacheAwareContextLoaderDelegate.java:98) ~[spring-test-5.3.26.jar:5.3.26]
	at org.springframework.test.context.support.DefaultTestContext.getApplicationContext(DefaultTestContext.java:124) ~[spring-test-5.3.26.jar:5.3.26]
	at org.springframework.test.context.web.ServletTestExecutionListener.setUpRequestContextIfNecessary(ServletTestExecutionListener.java:190) ~[spring-test-5.3.26.jar:5.3.26]
	at org.springframework.test.context.web.ServletTestExecutionListener.prepareTestInstance(ServletTestExecutionListener.java:132) ~[spring-test-5.3.26.jar:5.3.26]
	at org.springframework.test.context.TestContextManager.prepareTestInstance(TestContextManager.java:248) ~[spring-test-5.3.26.jar:5.3.26]
	at org.springframework.test.context.junit.jupiter.SpringExtension.postProcessTestInstance(SpringExtension.java:138) [spring-test-5.3.26.jar:5.3.26]
	at org.junit.jupiter.engine.descriptor.ClassBasedTestDescriptor.lambda$invokeTestInstancePostProcessors$8(ClassBasedTestDescriptor.java:363) [junit-jupiter-engine-5.8.2.jar:5.8.2]
	at org.junit.jupiter.engine.descriptor.ClassBasedTestDescriptor.executeAndMaskThrowable(ClassBasedTestDescriptor.java:368) [junit-jupiter-engine-5.8.2.jar:5.8.2]
	at org.junit.jupiter.engine.descriptor.ClassBasedTestDescriptor.lambda$invokeTestInstancePostProcessors$9(ClassBasedTestDescriptor.java:363) [junit-jupiter-engine-5.8.2.jar:5.8.2]
	at java.util.stream.ReferencePipeline$3$1.accept(ReferencePipeline.java:193) ~[na:1.8.0_202]
	at java.util.stream.ReferencePipeline$2$1.accept(ReferencePipeline.java:175) ~[na:1.8.0_202]
	at java.util.ArrayList$ArrayListSpliterator.forEachRemaining(ArrayList.java:1382) ~[na:1.8.0_202]
	at java.util.stream.AbstractPipeline.copyInto(AbstractPipeline.java:481) ~[na:1.8.0_202]
	at java.util.stream.AbstractPipeline.wrapAndCopyInto(AbstractPipeline.java:471) ~[na:1.8.0_202]
	at java.util.stream.StreamSpliterators$WrappingSpliterator.forEachRemaining(StreamSpliterators.java:312) ~[na:1.8.0_202]
	at java.util.stream.Streams$ConcatSpliterator.forEachRemaining(Streams.java:743) ~[na:1.8.0_202]
	at java.util.stream.Streams$ConcatSpliterator.forEachRemaining(Streams.java:742) ~[na:1.8.0_202]
	at java.util.stream.ReferencePipeline$Head.forEach(ReferencePipeline.java:580) ~[na:1.8.0_202]
	at org.junit.jupiter.engine.descriptor.ClassBasedTestDescriptor.invokeTestInstancePostProcessors(ClassBasedTestDescriptor.java:362) [junit-jupiter-engine-5.8.2.jar:5.8.2]
	at org.junit.jupiter.engine.descriptor.ClassBasedTestDescriptor.lambda$instantiateAndPostProcessTestInstance$6(ClassBasedTestDescriptor.java:283) [junit-jupiter-engine-5.8.2.jar:5.8.2]
	at org.junit.platform.engine.support.hierarchical.ThrowableCollector.execute(ThrowableCollector.java:73) ~[junit-platform-engine-1.8.2.jar:1.8.2]
	at org.junit.jupiter.engine.descriptor.ClassBasedTestDescriptor.instantiateAndPostProcessTestInstance(ClassBasedTestDescriptor.java:282) [junit-jupiter-engine-5.8.2.jar:5.8.2]
	at org.junit.jupiter.engine.descriptor.ClassBasedTestDescriptor.lambda$testInstancesProvider$4(ClassBasedTestDescriptor.java:272) [junit-jupiter-engine-5.8.2.jar:5.8.2]
	at java.util.Optional.orElseGet(Optional.java:267) ~[na:1.8.0_202]
	at org.junit.jupiter.engine.descriptor.ClassBasedTestDescriptor.lambda$testInstancesProvider$5(ClassBasedTestDescriptor.java:271) [junit-jupiter-engine-5.8.2.jar:5.8.2]
	at org.junit.jupiter.engine.execution.TestInstancesProvider.getTestInstances(TestInstancesProvider.java:31) ~[junit-jupiter-engine-5.8.2.jar:5.8.2]
	at org.junit.jupiter.engine.descriptor.TestMethodTestDescriptor.lambda$prepare$0(TestMethodTestDescriptor.java:102) ~[junit-jupiter-engine-5.8.2.jar:5.8.2]
	at org.junit.platform.engine.support.hierarchical.ThrowableCollector.execute(ThrowableCollector.java:73) ~[junit-platform-engine-1.8.2.jar:1.8.2]
	at org.junit.jupiter.engine.descriptor.TestMethodTestDescriptor.prepare(TestMethodTestDescriptor.java:101) ~[junit-jupiter-engine-5.8.2.jar:5.8.2]
	at org.junit.jupiter.engine.descriptor.TestMethodTestDescriptor.prepare(TestMethodTestDescriptor.java:66) ~[junit-jupiter-engine-5.8.2.jar:5.8.2]
	at org.junit.platform.engine.support.hierarchical.NodeTestTask.lambda$prepare$2(NodeTestTask.java:123) ~[junit-platform-engine-1.8.2.jar:1.8.2]
	at org.junit.platform.engine.support.hierarchical.ThrowableCollector.execute(ThrowableCollector.java:73) ~[junit-platform-engine-1.8.2.jar:1.8.2]
	at org.junit.platform.engine.support.hierarchical.NodeTestTask.prepare(NodeTestTask.java:123) ~[junit-platform-engine-1.8.2.jar:1.8.2]
	at org.junit.platform.engine.support.hierarchical.NodeTestTask.execute(NodeTestTask.java:90) ~[junit-platform-engine-1.8.2.jar:1.8.2]
	at java.util.ArrayList.forEach(ArrayList.java:1257) ~[na:1.8.0_202]
	at org.junit.platform.engine.support.hierarchical.SameThreadHierarchicalTestExecutorService.invokeAll(SameThreadHierarchicalTestExecutorService.java:41) ~[junit-platform-engine-1.8.2.jar:1.8.2]
	at org.junit.platform.engine.support.hierarchical.NodeTestTask.lambda$executeRecursively$6(NodeTestTask.java:155) ~[junit-platform-engine-1.8.2.jar:1.8.2]
	at org.junit.platform.engine.support.hierarchical.ThrowableCollector.execute(ThrowableCollector.java:73) ~[junit-platform-engine-1.8.2.jar:1.8.2]
	at org.junit.platform.engine.support.hierarchical.NodeTestTask.lambda$executeRecursively$8(NodeTestTask.java:141) ~[junit-platform-engine-1.8.2.jar:1.8.2]
	at org.junit.platform.engine.support.hierarchical.Node.around(Node.java:137) ~[junit-platform-engine-1.8.2.jar:1.8.2]
	at org.junit.platform.engine.support.hierarchical.NodeTestTask.lambda$executeRecursively$9(NodeTestTask.java:139) ~[junit-platform-engine-1.8.2.jar:1.8.2]
	at org.junit.platform.engine.support.hierarchical.ThrowableCollector.execute(ThrowableCollector.java:73) ~[junit-platform-engine-1.8.2.jar:1.8.2]
	at org.junit.platform.engine.support.hierarchical.NodeTestTask.executeRecursively(NodeTestTask.java:138) ~[junit-platform-engine-1.8.2.jar:1.8.2]
	at org.junit.platform.engine.support.hierarchical.NodeTestTask.execute(NodeTestTask.java:95) ~[junit-platform-engine-1.8.2.jar:1.8.2]
	at java.util.ArrayList.forEach(ArrayList.java:1257) ~[na:1.8.0_202]
	at org.junit.platform.engine.support.hierarchical.SameThreadHierarchicalTestExecutorService.invokeAll(SameThreadHierarchicalTestExecutorService.java:41) ~[junit-platform-engine-1.8.2.jar:1.8.2]
	at org.junit.platform.engine.support.hierarchical.NodeTestTask.lambda$executeRecursively$6(NodeTestTask.java:155) ~[junit-platform-engine-1.8.2.jar:1.8.2]
	at org.junit.platform.engine.support.hierarchical.ThrowableCollector.execute(ThrowableCollector.java:73) ~[junit-platform-engine-1.8.2.jar:1.8.2]
	at org.junit.platform.engine.support.hierarchical.NodeTestTask.lambda$executeRecursively$8(NodeTestTask.java:141) ~[junit-platform-engine-1.8.2.jar:1.8.2]
	at org.junit.platform.engine.support.hierarchical.Node.around(Node.java:137) ~[junit-platform-engine-1.8.2.jar:1.8.2]
	at org.junit.platform.engine.support.hierarchical.NodeTestTask.lambda$executeRecursively$9(NodeTestTask.java:139) ~[junit-platform-engine-1.8.2.jar:1.8.2]
	at org.junit.platform.engine.support.hierarchical.ThrowableCollector.execute(ThrowableCollector.java:73) ~[junit-platform-engine-1.8.2.jar:1.8.2]
	at org.junit.platform.engine.support.hierarchical.NodeTestTask.executeRecursively(NodeTestTask.java:138) ~[junit-platform-engine-1.8.2.jar:1.8.2]
	at org.junit.platform.engine.support.hierarchical.NodeTestTask.execute(NodeTestTask.java:95) ~[junit-platform-engine-1.8.2.jar:1.8.2]
	at org.junit.platform.engine.support.hierarchical.SameThreadHierarchicalTestExecutorService.submit(SameThreadHierarchicalTestExecutorService.java:35) ~[junit-platform-engine-1.8.2.jar:1.8.2]
	at org.junit.platform.engine.support.hierarchical.HierarchicalTestExecutor.execute(HierarchicalTestExecutor.java:57) ~[junit-platform-engine-1.8.2.jar:1.8.2]
	at org.junit.platform.engine.support.hierarchical.HierarchicalTestEngine.execute(HierarchicalTestEngine.java:54) ~[junit-platform-engine-1.8.2.jar:1.8.2]
	at org.junit.platform.launcher.core.DefaultLauncher.execute(DefaultLauncher.java:220) ~[junit-platform-launcher-1.3.1.jar:1.3.1]
	at org.junit.platform.launcher.core.DefaultLauncher.lambda$execute$6(DefaultLauncher.java:188) ~[junit-platform-launcher-1.3.1.jar:1.3.1]
	at org.junit.platform.launcher.core.DefaultLauncher.withInterceptedStreams(DefaultLauncher.java:202) ~[junit-platform-launcher-1.3.1.jar:1.3.1]
	at org.junit.platform.launcher.core.DefaultLauncher.execute(DefaultLauncher.java:181) ~[junit-platform-launcher-1.3.1.jar:1.3.1]
	at org.junit.platform.launcher.core.DefaultLauncher.execute(DefaultLauncher.java:128) ~[junit-platform-launcher-1.3.1.jar:1.3.1]
	at org.apache.maven.surefire.junitplatform.JUnitPlatformProvider.invokeAllTests(JUnitPlatformProvider.java:150) ~[surefire-junit-platform-2.22.2.jar:2.22.2]
	at org.apache.maven.surefire.junitplatform.JUnitPlatformProvider.invoke(JUnitPlatformProvider.java:124) ~[surefire-junit-platform-2.22.2.jar:2.22.2]
	at org.apache.maven.surefire.booter.ForkedBooter.invokeProviderInSameClassLoader(ForkedBooter.java:384) ~[surefire-booter-2.22.2.jar:2.22.2]
	at org.apache.maven.surefire.booter.ForkedBooter.runSuitesInProcess(ForkedBooter.java:345) ~[surefire-booter-2.22.2.jar:2.22.2]
	at org.apache.maven.surefire.booter.ForkedBooter.execute(ForkedBooter.java:126) ~[surefire-booter-2.22.2.jar:2.22.2]
	at org.apache.maven.surefire.booter.ForkedBooter.main(ForkedBooter.java:418) ~[surefire-booter-2.22.2.jar:2.22.2]
Caused by: org.springframework.beans.factory.UnsatisfiedDependencyException: Error creating bean with name 'studentController' defined in file [C:\Users\jacobj\eclipse-workspace\studentcoursemanagementsystem\target\classes\com\hpe\studentcoursemanagementsystem\controller\StudentController.class]: Unsatisfied dependency expressed through constructor parameter 0; nested exception is org.springframework.beans.factory.UnsatisfiedDependencyException: Error creating bean with name 'studentServiceImpl' defined in file [C:\Users\jacobj\eclipse-workspace\studentcoursemanagementsystem\target\classes\com\hpe\studentcoursemanagementsystem\service\impl\StudentServiceImpl.class]: Unsatisfied dependency expressed through constructor parameter 0; nested exception is org.springframework.beans.factory.NoSuchBeanDefinitionException: No qualifying bean of type 'com.hpe.studentcoursemanagementsystem.repository.StudentRepository' available: expected at least 1 bean which qualifies as autowire candidate. Dependency annotations: {}
	at org.springframework.beans.factory.support.ConstructorResolver.createArgumentArray(ConstructorResolver.java:800) ~[spring-beans-5.3.26.jar:5.3.26]
	at org.springframework.beans.factory.support.ConstructorResolver.autowireConstructor(ConstructorResolver.java:229) ~[spring-beans-5.3.26.jar:5.3.26]
	at org.springframework.beans.factory.support.AbstractAutowireCapableBeanFactory.autowireConstructor(AbstractAutowireCapableBeanFactory.java:1372) ~[spring-beans-5.3.26.jar:5.3.26]
	at org.springframework.beans.factory.support.AbstractAutowireCapableBeanFactory.createBeanInstance(AbstractAutowireCapableBeanFactory.java:1222) ~[spring-beans-5.3.26.jar:5.3.26]
	at org.springframework.beans.factory.support.AbstractAutowireCapableBeanFactory.doCreateBean(AbstractAutowireCapableBeanFactory.java:582) ~[spring-beans-5.3.26.jar:5.3.26]
	at org.springframework.beans.factory.support.AbstractAutowireCapableBeanFactory.createBean(AbstractAutowireCapableBeanFactory.java:542) ~[spring-beans-5.3.26.jar:5.3.26]
	at org.springframework.beans.factory.support.AbstractBeanFactory.lambda$doGetBean$0(AbstractBeanFactory.java:335) ~[spring-beans-5.3.26.jar:5.3.26]
	at org.springframework.beans.factory.support.DefaultSingletonBeanRegistry.getSingleton(DefaultSingletonBeanRegistry.java:234) ~[spring-beans-5.3.26.jar:5.3.26]
	at org.springframework.beans.factory.support.AbstractBeanFactory.doGetBean(AbstractBeanFactory.java:333) ~[spring-beans-5.3.26.jar:5.3.26]
	at org.springframework.beans.factory.support.AbstractBeanFactory.getBean(AbstractBeanFactory.java:208) ~[spring-beans-5.3.26.jar:5.3.26]
	at org.springframework.beans.factory.support.DefaultListableBeanFactory.preInstantiateSingletons(DefaultListableBeanFactory.java:955) ~[spring-beans-5.3.26.jar:5.3.26]
	at org.springframework.context.support.AbstractApplicationContext.finishBeanFactoryInitialization(AbstractApplicationContext.java:920) ~[spring-context-5.3.26.jar:5.3.26]
	at org.springframework.context.support.AbstractApplicationContext.refresh(AbstractApplicationContext.java:583) ~[spring-context-5.3.26.jar:5.3.26]
	at org.springframework.boot.SpringApplication.refresh(SpringApplication.java:731) ~[spring-boot-2.7.10.jar:2.7.10]
	at org.springframework.boot.SpringApplication.refreshContext(SpringApplication.java:408) ~[spring-boot-2.7.10.jar:2.7.10]
	at org.springframework.boot.SpringApplication.run(SpringApplication.java:307) ~[spring-boot-2.7.10.jar:2.7.10]
	at org.springframework.boot.test.context.SpringBootContextLoader.loadContext(SpringBootContextLoader.java:136) ~[spring-boot-test-2.7.10.jar:2.7.10]
	at org.springframework.test.context.cache.DefaultCacheAwareContextLoaderDelegate.loadContextInternal(DefaultCacheAwareContextLoaderDelegate.java:141) ~[spring-test-5.3.26.jar:5.3.26]
	at org.springframework.test.context.cache.DefaultCacheAwareContextLoaderDelegate.loadContext(DefaultCacheAwareContextLoaderDelegate.java:90) ~[spring-test-5.3.26.jar:5.3.26]
	... 67 common frames omitted
Caused by: org.springframework.beans.factory.UnsatisfiedDependencyException: Error creating bean with name 'studentServiceImpl' defined in file [C:\Users\jacobj\eclipse-workspace\studentcoursemanagementsystem\target\classes\com\hpe\studentcoursemanagementsystem\service\impl\StudentServiceImpl.class]: Unsatisfied dependency expressed through constructor parameter 0; nested exception is org.springframework.beans.factory.NoSuchBeanDefinitionException: No qualifying bean of type 'com.hpe.studentcoursemanagementsystem.repository.StudentRepository' available: expected at least 1 bean which qualifies as autowire candidate. Dependency annotations: {}
	at org.springframework.beans.factory.support.ConstructorResolver.createArgumentArray(ConstructorResolver.java:800) ~[spring-beans-5.3.26.jar:5.3.26]
	at org.springframework.beans.factory.support.ConstructorResolver.autowireConstructor(ConstructorResolver.java:229) ~[spring-beans-5.3.26.jar:5.3.26]
	at org.springframework.beans.factory.support.AbstractAutowireCapableBeanFactory.autowireConstructor(AbstractAutowireCapableBeanFactory.java:1372) ~[spring-beans-5.3.26.jar:5.3.26]
	at org.springframework.beans.factory.support.AbstractAutowireCapableBeanFactory.createBeanInstance(AbstractAutowireCapableBeanFactory.java:1222) ~[spring-beans-5.3.26.jar:5.3.26]
	at org.springframework.beans.factory.support.AbstractAutowireCapableBeanFactory.doCreateBean(AbstractAutowireCapableBeanFactory.java:582) ~[spring-beans-5.3.26.jar:5.3.26]
	at org.springframework.beans.factory.support.AbstractAutowireCapableBeanFactory.createBean(AbstractAutowireCapableBeanFactory.java:542) ~[spring-beans-5.3.26.jar:5.3.26]
	at org.springframework.beans.factory.support.AbstractBeanFactory.lambda$doGetBean$0(AbstractBeanFactory.java:335) ~[spring-beans-5.3.26.jar:5.3.26]
	at org.springframework.beans.factory.support.DefaultSingletonBeanRegistry.getSingleton(DefaultSingletonBeanRegistry.java:234) ~[spring-beans-5.3.26.jar:5.3.26]
	at org.springframework.beans.factory.support.AbstractBeanFactory.doGetBean(AbstractBeanFactory.java:333) ~[spring-beans-5.3.26.jar:5.3.26]
	at org.springframework.beans.factory.support.AbstractBeanFactory.getBean(AbstractBeanFactory.java:208) ~[spring-beans-5.3.26.jar:5.3.26]
	at org.springframework.beans.factory.config.DependencyDescriptor.resolveCandidate(DependencyDescriptor.java:276) ~[spring-beans-5.3.26.jar:5.3.26]
	at org.springframework.beans.factory.support.DefaultListableBeanFactory.doResolveDependency(DefaultListableBeanFactory.java:1391) ~[spring-beans-5.3.26.jar:5.3.26]
	at org.springframework.beans.factory.support.DefaultListableBeanFactory.resolveDependency(DefaultListableBeanFactory.java:1311) ~[spring-beans-5.3.26.jar:5.3.26]
	at org.springframework.beans.factory.support.ConstructorResolver.resolveAutowiredArgument(ConstructorResolver.java:887) ~[spring-beans-5.3.26.jar:5.3.26]
	at org.springframework.beans.factory.support.ConstructorResolver.createArgumentArray(ConstructorResolver.java:791) ~[spring-beans-5.3.26.jar:5.3.26]
	... 85 common frames omitted
Caused by: org.springframework.beans.factory.NoSuchBeanDefinitionException: No qualifying bean of type 'com.hpe.studentcoursemanagementsystem.repository.StudentRepository' available: expected at least 1 bean which qualifies as autowire candidate. Dependency annotations: {}
	at org.springframework.beans.factory.support.DefaultListableBeanFactory.raiseNoMatchingBeanFound(DefaultListableBeanFactory.java:1801) ~[spring-beans-5.3.26.jar:5.3.26]
	at org.springframework.beans.factory.support.DefaultListableBeanFactory.doResolveDependency(DefaultListableBeanFactory.java:1357) ~[spring-beans-5.3.26.jar:5.3.26]
	at org.springframework.beans.factory.support.DefaultListableBeanFactory.resolveDependency(DefaultListableBeanFactory.java:1311) ~[spring-beans-5.3.26.jar:5.3.26]
	at org.springframework.beans.factory.support.ConstructorResolver.resolveAutowiredArgument(ConstructorResolver.java:887) ~[spring-beans-5.3.26.jar:5.3.26]
	at org.springframework.beans.factory.support.ConstructorResolver.createArgumentArray(ConstructorResolver.java:791) ~[spring-beans-5.3.26.jar:5.3.26]
	... 99 common frames omitted

]]></system-out>
  </testcase>
</testsuite>